<?xml version="1.0" encoding="UTF-8" ?>
<testsuite tests="18" failures="0" name="es.udc.ws.espectaculo.test.model.espectaculoservice.EspectaculoServiceTest" time="7.276" errors="0" skipped="0">
  <properties>
[...]
</properties>
  <testcase classname="es.udc.ws.espectaculo.test.model.espectaculoservice.EspectaculoServiceTest" name="testBookNonExistentEspectaculo" time="0.65"/>
  <testcase classname="es.udc.ws.espectaculo.test.model.espectaculoservice.EspectaculoServiceTest" name="testBookWithInvalidCreditCard" time="0.435"/>
  <testcase classname="es.udc.ws.espectaculo.test.model.espectaculoservice.EspectaculoServiceTest" name="testUpdateEspectaculo" time="0.423"/>
  <testcase classname="es.udc.ws.espectaculo.test.model.espectaculoservice.EspectaculoServiceTest" name="testUpdateInvalidEspectaculo" time="0.314"/>
  <testcase classname="es.udc.ws.espectaculo.test.model.espectaculoservice.EspectaculoServiceTest" name="testFindEspectaculos" time="0.825"/>
  <testcase classname="es.udc.ws.espectaculo.test.model.espectaculoservice.EspectaculoServiceTest" name="testBookAndFindReserva" time="0.531"/>
  <testcase classname="es.udc.ws.espectaculo.test.model.espectaculoservice.EspectaculoServiceTest" name="testBookWithNotEnoughTickets" time="0.331"/>
  <testcase classname="es.udc.ws.espectaculo.test.model.espectaculoservice.EspectaculoServiceTest" name="testBookWithFechaLimiteExceed" time="0.4"/>
  <testcase classname="es.udc.ws.espectaculo.test.model.espectaculoservice.EspectaculoServiceTest" name="testUpdateNonExistentEspectaculo" time="0.011"/>
  <testcase classname="es.udc.ws.espectaculo.test.model.espectaculoservice.EspectaculoServiceTest" name="testcheckBookWithWrongCreditCard" time="0.592"/>
  <testcase classname="es.udc.ws.espectaculo.test.model.espectaculoservice.EspectaculoServiceTest" name="testUpdateInvalidPrecioDescontado" time="0.513"/>
  <testcase classname="es.udc.ws.espectaculo.test.model.espectaculoservice.EspectaculoServiceTest" name="testCheckBook" time="0.726"/>
  <testcase classname="es.udc.ws.espectaculo.test.model.espectaculoservice.EspectaculoServiceTest" name="testcheckBookWithInvalidCreditCard" time="0.611"/>
  <testcase classname="es.udc.ws.espectaculo.test.model.espectaculoservice.EspectaculoServiceTest" name="testAddEspectaculoAndFindEspectaculo" time="0.315"/>
  <testcase classname="es.udc.ws.espectaculo.test.model.espectaculoservice.EspectaculoServiceTest" name="testcheckBookInexistent" time="0.007"/>
  <testcase classname="es.udc.ws.espectaculo.test.model.espectaculoservice.EspectaculoServiceTest" name="testcheckBookAlreadyChecked" time="0.585"/>
  <testcase classname="es.udc.ws.espectaculo.test.model.espectaculoservice.EspectaculoServiceTest" name="testAddInvalidEspectaculo" time="0.001"/>
  <testcase classname="es.udc.ws.espectaculo.test.model.espectaculoservice.EspectaculoServiceTest" name="testFindNonExistentEspectaculo" time="0.006"/>
</testsuite>